<?xml version="1.0" encoding="UTF-8"?>
<!-- Generated by org.testng.reporters.JUnitXMLReporter -->
<testsuite hostname="Sanjidas-MacBook-Pro.local" ignored="0" name="fireFox test" tests="1" failures="0" timestamp="04 Jan 2018 20:53:16 GMT" time="0.032" errors="0">
  <testcase name="@BeforeTest setUp" time="0.002" classname="base.Config">
    <failure type="java.lang.IllegalStateException" message="The driver executable does not exist: /Users/SanjidaAfrin/Documents/workspace/Framework1/Driver/chromedriver">
      <![CDATA[java.lang.IllegalStateException: The driver executable does not exist: /Users/SanjidaAfrin/Documents/workspace/Framework1/Driver/chromedriver
	at com.google.common.base.Preconditions.checkState(Preconditions.java:534)
	at org.openqa.selenium.remote.service.DriverService.checkExecutable(DriverService.java:136)
	at org.openqa.selenium.remote.service.DriverService.findExecutable(DriverService.java:131)
	at org.openqa.selenium.chrome.ChromeDriverService.access$000(ChromeDriverService.java:32)
	at org.openqa.selenium.chrome.ChromeDriverService$Builder.findDefaultExecutable(ChromeDriverService.java:137)
	at org.openqa.selenium.remote.service.DriverService$Builder.build(DriverService.java:339)
	at org.openqa.selenium.chrome.ChromeDriverService.createDefaultService(ChromeDriverService.java:88)
	at org.openqa.selenium.chrome.ChromeDriver.<init>(ChromeDriver.java:123)
	at base.Config.setUp(Config.java:29)
... Removed 23 stack frames]]>
    </failure>
  </testcase> <!-- @BeforeTest setUp -->
  <testcase name="@AfterTest tearDown" time="0.0" classname="base.Config">
    <skipped/>
  </testcase> <!-- @AfterTest tearDown -->
  <testcase name="testingFirstName" time="0.0" classname="Tests.Test2">
    <skipped/>
  </testcase> <!-- testingFirstName -->
</testsuite> <!-- fireFox test -->
